  DrawSort.cpp
F:\LearningForTheLoveOfGod\Project1\DrawSort.cpp(15,36): warning C4267: 'initializing': conversion from 'size_t' to 'int', possible loss of data
F:\LearningForTheLoveOfGod\Project1\DrawSort.cpp(37,41): warning C4244: 'argument': conversion from 'int' to 'float', possible loss of data
F:\LearningForTheLoveOfGod\Project1\DrawSort.cpp(37,36): warning C4244: 'argument': conversion from 'size_t' to 'float', possible loss of data
  Sort.cpp
  Source.cpp
F:\LearningForTheLoveOfGod\Project1\Source.cpp(25,44): warning C4267: 'argument': conversion from 'size_t' to 'int', possible loss of data
F:\LearningForTheLoveOfGod\Project1\Source.cpp(34,20): warning C4244: 'initializing': conversion from '_Rep' to 'unsigned int', possible loss of data
          with
          [
              _Rep=std::chrono::system_clock::rep
          ]
  Generating Code...
DrawSort.obj : error LNK2019: unresolved external symbol "__declspec(dllimport) public: __cdecl sf::String::String(char const *,class std::locale const &)" (__imp_??0String@sf@@QEAA@PEBDAEBVlocale@std@@@Z) referenced in function "public: void __cdecl DrawSort::printArr(class std::vector<int,class std::allocator<int> > const &)" (?printArr@DrawSort@@QEAAXAEBV?$vector@HV?$allocator@H@std@@@std@@@Z)
DrawSort.obj : error LNK2019: unresolved external symbol "__declspec(dllimport) public: __cdecl sf::String::~String(void)" (__imp_??1String@sf@@QEAA@XZ) referenced in function "public: void __cdecl DrawSort::printArr(class std::vector<int,class std::allocator<int> > const &)" (?printArr@DrawSort@@QEAAXAEBV?$vector@HV?$allocator@H@std@@@std@@@Z)
DrawSort.obj : error LNK2019: unresolved external symbol "__declspec(dllimport) public: __cdecl sf::VideoMode::VideoMode(unsigned int,unsigned int,unsigned int)" (__imp_??0VideoMode@sf@@QEAA@III@Z) referenced in function "public: void __cdecl DrawSort::printArr(class std::vector<int,class std::allocator<int> > const &)" (?printArr@DrawSort@@QEAAXAEBV?$vector@HV?$allocator@H@std@@@std@@@Z)
DrawSort.obj : error LNK2019: unresolved external symbol "__declspec(dllimport) public: void __cdecl sf::Window::close(void)" (__imp_?close@Window@sf@@QEAAXXZ) referenced in function "public: void __cdecl DrawSort::printArr(class std::vector<int,class std::allocator<int> > const &)" (?printArr@DrawSort@@QEAAXAEBV?$vector@HV?$allocator@H@std@@@std@@@Z)
DrawSort.obj : error LNK2019: unresolved external symbol "__declspec(dllimport) public: bool __cdecl sf::Window::isOpen(void)const " (__imp_?isOpen@Window@sf@@QEBA_NXZ) referenced in function "public: void __cdecl DrawSort::printArr(class std::vector<int,class std::allocator<int> > const &)" (?printArr@DrawSort@@QEAAXAEBV?$vector@HV?$allocator@H@std@@@std@@@Z)
DrawSort.obj : error LNK2019: unresolved external symbol "__declspec(dllimport) public: bool __cdecl sf::Window::pollEvent(class sf::Event &)" (__imp_?pollEvent@Window@sf@@QEAA_NAEAVEvent@2@@Z) referenced in function "public: void __cdecl DrawSort::printArr(class std::vector<int,class std::allocator<int> > const &)" (?printArr@DrawSort@@QEAAXAEBV?$vector@HV?$allocator@H@std@@@std@@@Z)
DrawSort.obj : error LNK2019: unresolved external symbol "__declspec(dllimport) public: void __cdecl sf::Window::display(void)" (__imp_?display@Window@sf@@QEAAXXZ) referenced in function "public: void __cdecl DrawSort::printArr(class std::vector<int,class std::allocator<int> > const &)" (?printArr@DrawSort@@QEAAXAEBV?$vector@HV?$allocator@H@std@@@std@@@Z)
DrawSort.obj : error LNK2019: unresolved external symbol "__declspec(dllimport) public: void __cdecl sf::Transformable::setPosition(float,float)" (__imp_?setPosition@Transformable@sf@@QEAAXMM@Z) referenced in function "public: void __cdecl DrawSort::printArr(class std::vector<int,class std::allocator<int> > const &)" (?printArr@DrawSort@@QEAAXAEBV?$vector@HV?$allocator@H@std@@@std@@@Z)
DrawSort.obj : error LNK2019: unresolved external symbol "__declspec(dllimport) public: __cdecl sf::Color::Color(unsigned char,unsigned char,unsigned char,unsigned char)" (__imp_??0Color@sf@@QEAA@EEEE@Z) referenced in function "public: void __cdecl DrawSort::printArr(class std::vector<int,class std::allocator<int> > const &)" (?printArr@DrawSort@@QEAAXAEBV?$vector@HV?$allocator@H@std@@@std@@@Z)
DrawSort.obj : error LNK2019: unresolved external symbol "__declspec(dllimport) public: void __cdecl sf::Shape::setFillColor(class sf::Color const &)" (__imp_?setFillColor@Shape@sf@@QEAAXAEBVColor@2@@Z) referenced in function "public: void __cdecl DrawSort::printArr(class std::vector<int,class std::allocator<int> > const &)" (?printArr@DrawSort@@QEAAXAEBV?$vector@HV?$allocator@H@std@@@std@@@Z)
DrawSort.obj : error LNK2019: unresolved external symbol "__declspec(dllimport) public: __cdecl sf::RectangleShape::RectangleShape(class sf::Vector2<float> const &)" (__imp_??0RectangleShape@sf@@QEAA@AEBV?$Vector2@M@1@@Z) referenced in function "public: void __cdecl DrawSort::printArr(class std::vector<int,class std::allocator<int> > const &)" (?printArr@DrawSort@@QEAAXAEBV?$vector@HV?$allocator@H@std@@@std@@@Z)
DrawSort.obj : error LNK2019: unresolved external symbol "__declspec(dllimport) public: virtual __cdecl sf::RectangleShape::~RectangleShape(void)" (__imp_??1RectangleShape@sf@@UEAA@XZ) referenced in function "public: void __cdecl DrawSort::printArr(class std::vector<int,class std::allocator<int> > const &)" (?printArr@DrawSort@@QEAAXAEBV?$vector@HV?$allocator@H@std@@@std@@@Z)
DrawSort.obj : error LNK2019: unresolved external symbol "__declspec(dllimport) public: void __cdecl sf::RenderTarget::clear(class sf::Color const &)" (__imp_?clear@RenderTarget@sf@@QEAAXAEBVColor@2@@Z) referenced in function "public: void __cdecl DrawSort::printArr(class std::vector<int,class std::allocator<int> > const &)" (?printArr@DrawSort@@QEAAXAEBV?$vector@HV?$allocator@H@std@@@std@@@Z)
DrawSort.obj : error LNK2019: unresolved external symbol "__declspec(dllimport) public: void __cdecl sf::RenderTarget::draw(class sf::Drawable const &,class sf::RenderStates const &)" (__imp_?draw@RenderTarget@sf@@QEAAXAEBVDrawable@2@AEBVRenderStates@2@@Z) referenced in function "public: void __cdecl DrawSort::printArr(class std::vector<int,class std::allocator<int> > const &)" (?printArr@DrawSort@@QEAAXAEBV?$vector@HV?$allocator@H@std@@@std@@@Z)
DrawSort.obj : error LNK2019: unresolved external symbol "__declspec(dllimport) public: __cdecl sf::RenderWindow::RenderWindow(class sf::VideoMode,class sf::String const &,unsigned int,struct sf::ContextSettings const &)" (__imp_??0RenderWindow@sf@@QEAA@VVideoMode@1@AEBVString@1@IAEBUContextSettings@1@@Z) referenced in function "public: void __cdecl DrawSort::printArr(class std::vector<int,class std::allocator<int> > const &)" (?printArr@DrawSort@@QEAAXAEBV?$vector@HV?$allocator@H@std@@@std@@@Z)
DrawSort.obj : error LNK2019: unresolved external symbol "__declspec(dllimport) public: virtual __cdecl sf::RenderWindow::~RenderWindow(void)" (__imp_??1RenderWindow@sf@@UEAA@XZ) referenced in function "public: void __cdecl DrawSort::printArr(class std::vector<int,class std::allocator<int> > const &)" (?printArr@DrawSort@@QEAAXAEBV?$vector@HV?$allocator@H@std@@@std@@@Z)
DrawSort.obj : error LNK2019: unresolved external symbol "__declspec(dllimport) public: static class sf::RenderStates const sf::RenderStates::Default" (__imp_?Default@RenderStates@sf@@2V12@B) referenced in function "public: void __cdecl DrawSort::printArr(class std::vector<int,class std::allocator<int> > const &)" (?printArr@DrawSort@@QEAAXAEBV?$vector@HV?$allocator@H@std@@@std@@@Z)
DrawSort.obj : error LNK2019: unresolved external symbol "__declspec(dllimport) public: static class sf::Color const sf::Color::White" (__imp_?White@Color@sf@@2V12@B) referenced in function "public: void __cdecl DrawSort::printArr(class std::vector<int,class std::allocator<int> > const &)" (?printArr@DrawSort@@QEAAXAEBV?$vector@HV?$allocator@H@std@@@std@@@Z)
C:\SFML-2.5.1\lib\sfml-system.lib : warning LNK4272: library machine type 'x86' conflicts with target machine type 'x64'
C:\SFML-2.5.1\lib\sfml-window.lib : warning LNK4272: library machine type 'x86' conflicts with target machine type 'x64'
C:\SFML-2.5.1\lib\sfml-graphics.lib : warning LNK4272: library machine type 'x86' conflicts with target machine type 'x64'
C:\SFML-2.5.1\lib\sfml-main.lib : warning LNK4272: library machine type 'x86' conflicts with target machine type 'x64'
F:\LearningForTheLoveOfGod\Project1\x64\Debug\Project1.exe : fatal error LNK1120: 18 unresolved externals
