C:\Program Files\Microsoft Visual Studio\2022\Community\MSBuild\Microsoft\VC\v170\Microsoft.CppBuild.targets(534,5): warning MSB8028: The intermediate directory (Release\) contains files shared from another project (Project1.vcxproj).  This can lead to incorrect clean and rebuild behavior.
  DrawSort.cpp
F:\LearningForTheLoveOfGod\Project1\DrawSort.cpp(10,58): warning C4244: 'argument': conversion from '_Ty' to 'T', possible loss of data
          with
          [
              _Ty=int
          ]
          and
          [
              T=float
          ]
F:\LearningForTheLoveOfGod\Project1\DrawSort.cpp(11,39): warning C4244: 'argument': conversion from '_Ty' to 'float', possible loss of data
          with
          [
              _Ty=int
          ]
F:\LearningForTheLoveOfGod\Project1\DrawSort.cpp(11,29): warning C4244: 'argument': conversion from 'int' to 'float', possible loss of data
  InsertionSort.cpp
F:\LearningForTheLoveOfGod\Project1\InsertionSort.cpp(5,16): warning C4018: '<': signed/unsigned mismatch
  SortControl.cpp
F:\LearningForTheLoveOfGod\Project1\SortControl.cpp(6,21): warning C4018: '<': signed/unsigned mismatch
F:\LearningForTheLoveOfGod\Project1\SortControl.cpp(15,22): warning C4244: 'argument': conversion from 'time_t' to 'unsigned int', possible loss of data
  main.cpp
  Generating code
  Previous IPDB not found, fall back to full compilation.
  All 201 functions were compiled because no usable IPDB/IOBJ from previous compilation was found.
  Finished generating code
  Project1.vcxproj -> F:\LearningForTheLoveOfGod\Project1\Release\SortVisualiser.exe
